# JRE version: OpenJDK Runtime Environment Temurin-21.0.9+10 (21.0.9+10) (build 21.0.9+10-LTS)
# Java VM: OpenJDK 64-Bit Server VM Temurin-21.0.9+10 (21.0.9+10-LTS, mixed mode, sharing, tiered, compressed oops, compressed class ptrs, parallel gc, windows-amd64)
GC Precious Log:
 CardTable entry size: 512
 CPUs: 8 total, 8 available
 Memory: 16207M
 Large Page Support: Disabled
 NUMA Support: Disabled
 Compressed Oops: Enabled (32-bit)
 Alignments: Space 512K, Generation 512K, Heap 2M
 Heap Min Capacity: 100M
 Heap Initial Capacity: 100M
 Heap Max Capacity: 2G
 Pre-touch: Disabled
 Parallel Workers: 8
Heap:
 PSYoungGen      total 5632K, used 2735K [0x00000000d5580000, 0x00000000d5d80000, 0x0000000100000000)
  eden space 5120K, 45% used [0x00000000d5580000,0x00000000d57c3ec0,0x00000000d5a80000)
  from space 512K, 81% used [0x00000000d5d00000,0x00000000d5d68000,0x00000000d5d80000)
  to   space 1024K, 0% used [0x00000000d5b80000,0x00000000d5b80000,0x00000000d5c80000)
 ParOldGen       total 1028096K, used 1028024K [0x0000000080000000, 0x00000000bec00000, 0x00000000d5580000)
  object space 1028096K, 99% used [0x0000000080000000,0x00000000bebee310,0x00000000bec00000)
 Metaspace       used 87327K, committed 89024K, reserved 1179648K
  class space    used 9033K, committed 9728K, reserved 1048576K
GC Heap History (20 events):
Event: 7553.870 GC heap before
{Heap before GC invocations=818 (full 3):
 PSYoungGen      total 14336K, used 14072K [0x00000000d5580000, 0x00000000d6d00000, 0x0000000100000000)
  eden space 7680K, 100% used [0x00000000d5580000,0x00000000d5d00000,0x00000000d5d00000)
  from space 6656K, 96% used [0x00000000d6680000,0x00000000d6cbe000,0x00000000d6d00000)
  to   space 7680K, 0% used [0x00000000d5e00000,0x00000000d5e00000,0x00000000d6580000)
 ParOldGen       total 970240K, used 970073K [0x0000000080000000, 0x00000000bb380000, 0x00000000d5580000)
  object space 970240K, 99% used [0x0000000080000000,0x00000000bb356450,0x00000000bb380000)
 Metaspace       used 87300K, committed 89024K, reserved 1179648K
  class space    used 9033K, committed 9728K, reserved 1048576K
}
Event: 7553.876 GC heap after
{Heap after GC invocations=818 (full 3):
 PSYoungGen      total 14848K, used 7001K [0x00000000d5580000, 0x00000000d6b00000, 0x0000000100000000)
  eden space 7680K, 0% used [0x00000000d5580000,0x00000000d5580000,0x00000000d5d00000)
  from space 7168K, 97% used [0x00000000d5e00000,0x00000000d64d6630,0x00000000d6500000)
  to   space 6144K, 0% used [0x00000000d6500000,0x00000000d6500000,0x00000000d6b00000)
 ParOldGen       total 975872K, used 975689K [0x0000000080000000, 0x00000000bb900000, 0x00000000d5580000)
  object space 975872K, 99% used [0x0000000080000000,0x00000000bb8d2450,0x00000000bb900000)
 Metaspace       used 87300K, committed 89024K, reserved 1179648K
  class space    used 9033K, committed 9728K, reserved 1048576K
}
Event: 7553.887 GC heap before
{Heap before GC invocations=819 (full 3):
 PSYoungGen      total 14848K, used 14676K [0x00000000d5580000, 0x00000000d6b00000, 0x0000000100000000)
  eden space 7680K, 99% used [0x00000000d5580000,0x00000000d5cfe9f8,0x00000000d5d00000)
  from space 7168K, 97% used [0x00000000d5e00000,0x00000000d64d6630,0x00000000d6500000)
  to   space 6144K, 0% used [0x00000000d6500000,0x00000000d6500000,0x00000000d6b00000)
 ParOldGen       total 975872K, used 975689K [0x0000000080000000, 0x00000000bb900000, 0x00000000d5580000)
  object space 975872K, 99% used [0x0000000080000000,0x00000000bb8d2450,0x00000000bb900000)
 Metaspace       used 87302K, committed 89024K, reserved 1179648K
  class space    used 9033K, committed 9728K, reserved 1048576K
}
Event: 7553.894 GC heap after
{Heap after GC invocations=819 (full 3):
 PSYoungGen      total 6656K, used 6143K [0x00000000d5580000, 0x00000000d7b00000, 0x0000000100000000)
  eden space 512K, 0% used [0x00000000d5580000,0x00000000d5580000,0x00000000d5600000)
  from space 6144K, 99% used [0x00000000d6500000,0x00000000d6afff10,0x00000000d6b00000)
  to   space 15360K, 0% used [0x00000000d5600000,0x00000000d5600000,0x00000000d6500000)
 ParOldGen       total 983552K, used 983530K [0x0000000080000000, 0x00000000bc080000, 0x00000000d5580000)
  object space 983552K, 99% used [0x0000000080000000,0x00000000bc07aa80,0x00000000bc080000)
 Metaspace       used 87302K, committed 89024K, reserved 1179648K
  class space    used 9033K, committed 9728K, reserved 1048576K
}
Event: 7553.895 GC heap before
{Heap before GC invocations=820 (full 3):
 PSYoungGen      total 6656K, used 6655K [0x00000000d5580000, 0x00000000d7b00000, 0x0000000100000000)
  eden space 512K, 100% used [0x00000000d5580000,0x00000000d5600000,0x00000000d5600000)
  from space 6144K, 99% used [0x00000000d6500000,0x00000000d6afff10,0x00000000d6b00000)
  to   space 15360K, 0% used [0x00000000d5600000,0x00000000d5600000,0x00000000d6500000)
 ParOldGen       total 983552K, used 983530K [0x0000000080000000, 0x00000000bc080000, 0x00000000d5580000)
  object space 983552K, 99% used [0x0000000080000000,0x00000000bc07aa80,0x00000000bc080000)
 Metaspace       used 87302K, committed 89024K, reserved 1179648K
  class space    used 9033K, committed 9728K, reserved 1048576K
}
Event: 7553.899 GC heap after
{Heap after GC invocations=820 (full 3):
 PSYoungGen      total 1536K, used 523K [0x00000000d5580000, 0x00000000d6580000, 0x0000000100000000)
  eden space 512K, 0% used [0x00000000d5580000,0x00000000d5580000,0x00000000d5600000)
  from space 1024K, 51% used [0x00000000d5600000,0x00000000d5682d40,0x00000000d5700000)
  to   space 5632K, 0% used [0x00000000d6000000,0x00000000d6000000,0x00000000d6580000)
 ParOldGen       total 990208K, used 989719K [0x0000000080000000, 0x00000000bc700000, 0x00000000d5580000)
  object space 990208K, 99% used [0x0000000080000000,0x00000000bc685ec0,0x00000000bc700000)
 Metaspace       used 87302K, committed 89024K, reserved 1179648K
  class space    used 9033K, committed 9728K, reserved 1048576K
}
Event: 7553.901 GC heap before
{Heap before GC invocations=821 (full 3):
 PSYoungGen      total 1536K, used 1003K [0x00000000d5580000, 0x00000000d6580000, 0x0000000100000000)
  eden space 512K, 93% used [0x00000000d5580000,0x00000000d55f8120,0x00000000d5600000)
  from space 1024K, 51% used [0x00000000d5600000,0x00000000d5682d40,0x00000000d5700000)
  to   space 5632K, 0% used [0x00000000d6000000,0x00000000d6000000,0x00000000d6580000)
 ParOldGen       total 991232K, used 990669K [0x0000000080000000, 0x00000000bc800000, 0x00000000d5580000)
  object space 991232K, 99% used [0x0000000080000000,0x00000000bc7736d0,0x00000000bc800000)
 Metaspace       used 87302K, committed 89024K, reserved 1179648K
  class space    used 9033K, committed 9728K, reserved 1048576K
}
Event: 7553.903 GC heap after
{Heap after GC invocations=821 (full 3):
 PSYoungGen      total 2048K, used 595K [0x00000000d5580000, 0x00000000d6100000, 0x0000000100000000)
  eden space 1024K, 0% used [0x00000000d5580000,0x00000000d5580000,0x00000000d5680000)
  from space 1024K, 58% used [0x00000000d6000000,0x00000000d6094d88,0x00000000d6100000)
  to   space 1536K, 0% used [0x00000000d5e00000,0x00000000d5e00000,0x00000000d5f80000)
 ParOldGen       total 991232K, used 991055K [0x0000000080000000, 0x00000000bc800000, 0x00000000d5580000)
  object space 991232K, 99% used [0x0000000080000000,0x00000000bc7d3f30,0x00000000bc800000)
 Metaspace       used 87302K, committed 89024K, reserved 1179648K
  class space    used 9033K, committed 9728K, reserved 1048576K
}
Event: 7553.905 GC heap before
{Heap before GC invocations=822 (full 3):
 PSYoungGen      total 2048K, used 1423K [0x00000000d5580000, 0x00000000d6100000, 0x0000000100000000)
  eden space 1024K, 80% used [0x00000000d5580000,0x00000000d564eef8,0x00000000d5680000)
  from space 1024K, 58% used [0x00000000d6000000,0x00000000d6094d88,0x00000000d6100000)
  to   space 1536K, 0% used [0x00000000d5e00000,0x00000000d5e00000,0x00000000d5f80000)
 ParOldGen       total 991232K, used 991055K [0x0000000080000000, 0x00000000bc800000, 0x00000000d5580000)
  object space 991232K, 99% used [0x0000000080000000,0x00000000bc7d3f30,0x00000000bc800000)
 Metaspace       used 87302K, committed 89024K, reserved 1179648K
  class space    used 9033K, committed 9728K, reserved 1048576K
}
Event: 7553.908 GC heap after
{Heap after GC invocations=822 (full 3):
 PSYoungGen      total 2560K, used 989K [0x00000000d5580000, 0x00000000d6080000, 0x0000000100000000)
  eden space 1536K, 0% used [0x00000000d5580000,0x00000000d5580000,0x00000000d5700000)
  from space 1024K, 96% used [0x00000000d5e00000,0x00000000d5ef75f8,0x00000000d5f00000)
  to   space 1536K, 0% used [0x00000000d5f00000,0x00000000d5f00000,0x00000000d6080000)
 ParOldGen       total 991744K, used 991396K [0x0000000080000000, 0x00000000bc880000, 0x00000000d5580000)
  object space 991744K, 99% used [0x0000000080000000,0x00000000bc8292b8,0x00000000bc880000)
 Metaspace       used 87302K, committed 89024K, reserved 1179648K
  class space    used 9033K, committed 9728K, reserved 1048576K
}
Event: 7553.911 GC heap before
{Heap before GC invocations=823 (full 3):
 PSYoungGen      total 2560K, used 2525K [0x00000000d5580000, 0x00000000d6080000, 0x0000000100000000)
  eden space 1536K, 99% used [0x00000000d5580000,0x00000000d56ffff8,0x00000000d5700000)
  from space 1024K, 96% used [0x00000000d5e00000,0x00000000d5ef75f8,0x00000000d5f00000)
  to   space 1536K, 0% used [0x00000000d5f00000,0x00000000d5f00000,0x00000000d6080000)
 ParOldGen       total 991744K, used 991396K [0x0000000080000000, 0x00000000bc880000, 0x00000000d5580000)
  object space 991744K, 99% used [0x0000000080000000,0x00000000bc8292b8,0x00000000bc880000)
 Metaspace       used 87302K, committed 89024K, reserved 1179648K
  class space    used 9033K, committed 9728K, reserved 1048576K
}
Event: 7553.913 GC heap after
{Heap after GC invocations=823 (full 3):
 PSYoungGen      total 3584K, used 1533K [0x00000000d5580000, 0x00000000d6080000, 0x0000000100000000)
  eden space 2048K, 0% used [0x00000000d5580000,0x00000000d5580000,0x00000000d5780000)
  from space 1536K, 99% used [0x00000000d5f00000,0x00000000d607f768,0x00000000d6080000)
  to   space 2560K, 0% used [0x00000000d5b80000,0x00000000d5b80000,0x00000000d5e00000)
 ParOldGen       total 992256K, used 991964K [0x0000000080000000, 0x00000000bc900000, 0x00000000d5580000)
  object space 992256K, 99% used [0x0000000080000000,0x00000000bc8b70a0,0x00000000bc900000)
 Metaspace       used 87302K, committed 89024K, reserved 1179648K
  class space    used 9033K, committed 9728K, reserved 1048576K
}
Event: 7553.916 GC heap before
{Heap before GC invocations=824 (full 3):
 PSYoungGen      total 3584K, used 3139K [0x00000000d5580000, 0x00000000d6080000, 0x0000000100000000)
  eden space 2048K, 78% used [0x00000000d5580000,0x00000000d5711860,0x00000000d5780000)
  from space 1536K, 99% used [0x00000000d5f00000,0x00000000d607f768,0x00000000d6080000)
  to   space 2560K, 0% used [0x00000000d5b80000,0x00000000d5b80000,0x00000000d5e00000)
 ParOldGen       total 992256K, used 991964K [0x0000000080000000, 0x00000000bc900000, 0x00000000d5580000)
  object space 992256K, 99% used [0x0000000080000000,0x00000000bc8b70a0,0x00000000bc900000)
 Metaspace       used 87302K, committed 89024K, reserved 1179648K
  class space    used 9033K, committed 9728K, reserved 1048576K
}
Event: 7553.919 GC heap after
{Heap after GC invocations=824 (full 3):
 PSYoungGen      total 4608K, used 1766K [0x00000000d5580000, 0x00000000d5f80000, 0x0000000100000000)
  eden space 2560K, 0% used [0x00000000d5580000,0x00000000d5580000,0x00000000d5800000)
  from space 2048K, 86% used [0x00000000d5b80000,0x00000000d5d39b60,0x00000000d5d80000)
  to   space 2048K, 0% used [0x00000000d5d80000,0x00000000d5d80000,0x00000000d5f80000)
 ParOldGen       total 993792K, used 993471K [0x0000000080000000, 0x00000000bca80000, 0x00000000d5580000)
  object space 993792K, 99% used [0x0000000080000000,0x00000000bca2fd80,0x00000000bca80000)
 Metaspace       used 87302K, committed 89024K, reserved 1179648K
  class space    used 9033K, committed 9728K, reserved 1048576K
}
Event: 7553.925 GC heap before
{Heap before GC invocations=825 (full 3):
 PSYoungGen      total 4608K, used 4326K [0x00000000d5580000, 0x00000000d5f80000, 0x0000000100000000)
  eden space 2560K, 100% used [0x00000000d5580000,0x00000000d5800000,0x00000000d5800000)
  from space 2048K, 86% used [0x00000000d5b80000,0x00000000d5d39b60,0x00000000d5d80000)
  to   space 2048K, 0% used [0x00000000d5d80000,0x00000000d5d80000,0x00000000d5f80000)
 ParOldGen       total 993792K, used 993471K [0x0000000080000000, 0x00000000bca80000, 0x00000000d5580000)
  object space 993792K, 99% used [0x0000000080000000,0x00000000bca2fd80,0x00000000bca80000)
 Metaspace       used 87302K, committed 89024K, reserved 1179648K
  class space    used 9033K, committed 9728K, reserved 1048576K
}
Event: 7553.929 GC heap after
{Heap after GC invocations=825 (full 3):
 PSYoungGen      total 4608K, used 1350K [0x00000000d5580000, 0x00000000d5f00000, 0x0000000100000000)
  eden space 3072K, 0% used [0x00000000d5580000,0x00000000d5580000,0x00000000d5880000)
  from space 1536K, 87% used [0x00000000d5d80000,0x00000000d5ed1960,0x00000000d5f00000)
  to   space 1536K, 0% used [0x00000000d5c00000,0x00000000d5c00000,0x00000000d5d80000)
 ParOldGen       total 996352K, used 995624K [0x0000000080000000, 0x00000000bcd00000, 0x00000000d5580000)
  object space 996352K, 99% used [0x0000000080000000,0x00000000bcc4a030,0x00000000bcd00000)
 Metaspace       used 87302K, committed 89024K, reserved 1179648K
  class space    used 9033K, committed 9728K, reserved 1048576K
}
Event: 7553.996 GC heap before
{Heap before GC invocations=826 (full 3):
 PSYoungGen      total 4608K, used 4422K [0x00000000d5580000, 0x00000000d5f00000, 0x0000000100000000)
  eden space 3072K, 100% used [0x00000000d5580000,0x00000000d5880000,0x00000000d5880000)
  from space 1536K, 87% used [0x00000000d5d80000,0x00000000d5ed1960,0x00000000d5f00000)
  to   space 1536K, 0% used [0x00000000d5c00000,0x00000000d5c00000,0x00000000d5d80000)
 ParOldGen       total 1028096K, used 1026344K [0x0000000080000000, 0x00000000bec00000, 0x00000000d5580000)
  object space 1028096K, 99% used [0x0000000080000000,0x00000000bea4a060,0x00000000bec00000)
 Metaspace       used 87325K, committed 89024K, reserved 1179648K
  class space    used 9033K, committed 9728K, reserved 1048576K
}
Event: 7553.999 GC heap after
{Heap after GC invocations=826 (full 3):
 PSYoungGen      total 5120K, used 640K [0x00000000d5580000, 0x00000000d5e00000, 0x0000000100000000)
  eden space 4096K, 0% used [0x00000000d5580000,0x00000000d5580000,0x00000000d5980000)
  from space 1024K, 62% used [0x00000000d5c00000,0x00000000d5ca0000,0x00000000d5d00000)
  to   space 1024K, 0% used [0x00000000d5d00000,0x00000000d5d00000,0x00000000d5e00000)
 ParOldGen       total 1028096K, used 1027477K [0x0000000080000000, 0x00000000bec00000, 0x00000000d5580000)
  object space 1028096K, 99% used [0x0000000080000000,0x00000000beb65600,0x00000000bec00000)
 Metaspace       used 87325K, committed 89024K, reserved 1179648K
  class space    used 9033K, committed 9728K, reserved 1048576K
}
Event: 7554.078 GC heap before
{Heap before GC invocations=827 (full 3):
 PSYoungGen      total 5120K, used 4736K [0x00000000d5580000, 0x00000000d5e00000, 0x0000000100000000)
  eden space 4096K, 100% used [0x00000000d5580000,0x00000000d5980000,0x00000000d5980000)
  from space 1024K, 62% used [0x00000000d5c00000,0x00000000d5ca0000,0x00000000d5d00000)
  to   space 1024K, 0% used [0x00000000d5d00000,0x00000000d5d00000,0x00000000d5e00000)
 ParOldGen       total 1028096K, used 1027477K [0x0000000080000000, 0x00000000bec00000, 0x00000000d5580000)
  object space 1028096K, 99% used [0x0000000080000000,0x00000000beb65600,0x00000000bec00000)
 Metaspace       used 87325K, committed 89024K, reserved 1179648K
  class space    used 9033K, committed 9728K, reserved 1048576K
}
Event: 7554.080 GC heap after
{Heap after GC invocations=827 (full 3):
 PSYoungGen      total 5632K, used 416K [0x00000000d5580000, 0x00000000d5d80000, 0x0000000100000000)
  eden space 5120K, 0% used [0x00000000d5580000,0x00000000d5580000,0x00000000d5a80000)
  from space 512K, 81% used [0x00000000d5d00000,0x00000000d5d68000,0x00000000d5d80000)
  to   space 1024K, 0% used [0x00000000d5b80000,0x00000000d5b80000,0x00000000d5c80000)
 ParOldGen       total 1028096K, used 1028024K [0x0000000080000000, 0x00000000bec00000, 0x00000000d5580000)
  object space 1028096K, 99% used [0x0000000080000000,0x00000000bebee310,0x00000000bec00000)
 Metaspace       used 87325K, committed 89024K, reserved 1179648K
  class space    used 9033K, committed 9728K, reserved 1048576K
}

